<?xml version="1.0" encoding="UTF-8"?>
<!-- Generated by org.testng.reporters.JUnitReportReporter -->
<testsuite skipped="0" hostname="PC" name="TestNG.addressbook" tests="1" failures="0" timestamp="2020-02-23T19:37:13 IST" time="10.714" errors="0">
  <testcase name="verifyaddbook" time="10.714" classname="TestNG.addressbook"/>
</testsuite> <!-- TestNG.addressbook -->
